info it worked if it ends with ok
verbose cli [ 'node', '/usr/local/node/bin/npm', 'install', '-g', 'xipd' ]
info using npm@1.1.21
info using node@v0.6.18
verbose config file /Users/jon/.npmrc
verbose config file /usr/local/node/etc/npmrc
verbose config file /usr/local/node/lib/node_modules/npm/npmrc
verbose cache add [ 'xipd', null ]
silly cache add: name, spec, args [ undefined, 'xipd', [ 'xipd', null ] ]
verbose parsed url { pathname: 'xipd', path: 'xipd', href: 'xipd' }
verbose addNamed [ 'xipd', '' ]
verbose addNamed [ null, '' ]
silly name, range, hasData [ 'xipd', '', false ]
verbose raw, before any munging xipd
verbose url resolving [ 'https://registry.npmjs.org/', './xipd' ]
verbose url resolved https://registry.npmjs.org/xipd
http GET https://registry.npmjs.org/xipd
http 404 https://registry.npmjs.org/xipd
silly get cb [ 404,
silly get cb   { server: 'CouchDB/1.2.0 (Erlang OTP/R15B)',
silly get cb     date: 'Sat, 09 Jun 2012 17:10:44 GMT',
silly get cb     'content-type': 'application/json',
silly get cb     'content-length': '52',
silly get cb     'cache-control': 'must-revalidate' } ]
ERR! 404 'xipd' is not in the npm registry.
ERR! 404 You should bug the author to publish it
ERR! 404 Note that you can also install from a
ERR! 404 tarball, folder, or http url, or git url.
ERR! 
ERR! System Darwin 11.4.0
ERR! command "node" "/usr/local/node/bin/npm" "install" "-g" "xipd"
ERR! cwd /Users/jon/Sites/fullfrontal2012
ERR! node -v v0.6.18
ERR! npm -v 1.1.21
ERR! code E404
ERR! message 404 Not Found: xipd
ERR! errno {}
verbose exit [ 1, true ]
